FAIL ./array_shuffle.test.js
  array_shuffle
    ✕ should return an array (4 ms)

  ● array_shuffle › should return an array

    expect(received).toBeTruthy()

    Received: false

       5 | describe('array_shuffle', () => {
       6 |   it('should return an array', () => {
    >  7 |     expect(Array.isArray(shuffle())).toBeTruthy();
         |                                      ^
       8 |   });
       9 | });
      10 | 

      at Object.<anonymous> (array_shuffle.test.js:7:38)

Test Suites: 1 failed, 1 total
Tests:       1 failed, 1 total
Snapshots:   0 total
Time:        1.361 s
Ran all test suites.
npm ERR! code ELIFECYCLE
npm ERR! errno 1
npm ERR! @ test: `jest --coverage`
npm ERR! Exit status 1
npm ERR! 
npm ERR! Failed at the @ test script.
npm ERR! This is probably not a problem with npm. There is likely additional logging output above.

npm ERR! A complete log of this run can be found in:
npm ERR!     /home/sandbox/.npm/_logs/2023-02-10T21_07_11_024Z-debug.log
